ANALYZE
{\n  "query_block": {\n    "select_id": 1,\n    "r_loops": 1,\n    "r_total_time_ms": 835.78,\n    "filesort": {\n      "sort_key": "LINEITEM.L_RETURNFLAG, LINEITEM.L_LINESTATUS",\n      "r_loops": 1,\n      "r_total_time_ms": 0.0045,\n      "r_used_priority_queue": false,\n      "r_output_rows": 4,\n      "r_buffer_size": "300",\n      "temporary_table": {\n        "table": {\n          "table_name": "LINEITEM",\n          "access_type": "ALL",\n          "r_loops": 1,\n          "rows": 595023,\n          "r_rows": 600572,\n          "r_total_time_ms": 131.07,\n          "filtered": 100,\n          "r_filtered": 97.917,\n          "attached_condition": "LINEITEM.L_SHIPDATE <= '1998-08-15'"\n        }\n      }\n    }\n  }\n}
Query_ID	Duration	Query
1	0.83342576	analyze format=json select l_returnflag, l_linestatus, sum(l_quantity) as sum_qty, sum(l_extendedprice) as sum_base_price, sum(l_extendedprice * (1 - l_discount)) as sum_disc_price, sum(l_extendedprice * (1 - l_discount) * (1 + l_tax)) as sum_charge, avg(l_quantity) as avg_qty, avg(l_extendedprice) 

ANALYZE
{\n  "query_block": {\n    "select_id": 1,\n    "r_loops": 1,\n    "r_total_time_ms": 41.337,\n    "filesort": {\n      "sort_key": "SUPPLIER.S_ACCTBAL desc, NATION.N_NAME, SUPPLIER.S_NAME, PART.P_PARTKEY",\n      "r_loops": 1,\n      "r_total_time_ms": 0.0165,\n      "r_limit": 100,\n      "r_used_priority_queue": false,\n      "r_output_rows": 36,\n      "r_buffer_size": "5Kb",\n      "temporary_table": {\n        "table": {\n          "table_name": "REGION",\n          "access_type": "ALL",\n          "possible_keys": ["PRIMARY"],\n          "r_loops": 1,\n          "rows": 5,\n          "r_rows": 5,\n          "r_total_time_ms": 0.1005,\n          "filtered": 100,\n          "r_filtered": 20,\n          "attached_condition": "REGION.R_NAME = 'ASIA'"\n        },\n        "table": {\n          "table_name": "NATION",\n          "access_type": "ref",\n          "possible_keys": ["PRIMARY", "NATION_FK1"],\n          "key": "NATION_FK1",\n          "key_length": "4",\n          "used_key_parts": ["N_REGIONKEY"],\n          "ref": ["tpch.REGION.R_REGIONKEY"],\n          "r_loops": 1,\n          "rows": 2,\n          "r_rows": 5,\n          "r_total_time_ms": 0.0488,\n          "filtered": 100,\n          "r_filtered": 100\n        },\n        "table": {\n          "table_name": "SUPPLIER",\n          "access_type": "ref",\n          "possible_keys": ["PRIMARY", "SUPPLIER_FK1"],\n          "key": "SUPPLIER_FK1",\n          "key_length": "4",\n          "used_key_parts": ["S_NATIONKEY"],\n          "ref": ["tpch.NATION.N_NATIONKEY"],\n          "r_loops": 5,\n          "rows": 20,\n          "r_rows": 45,\n          "r_total_time_ms": 0.1958,\n          "filtered": 100,\n          "r_filtered": 100\n        },\n        "table": {\n          "table_name": "PARTSUPP",\n          "access_type": "ref",\n          "possible_keys": ["PRIMARY", "PARTSUPP_FK1"],\n          "key": "PARTSUPP_FK1",\n          "key_length": "4",\n          "used_key_parts": ["PS_SUPPKEY"],\n          "ref": ["tpch.SUPPLIER.S_SUPPKEY"],\n          "r_loops": 225,\n          "rows": 41,\n          "r_rows": 80,\n          "r_total_time_ms": 29.005,\n          "filtered": 100,\n          "r_filtered": 100\n        },\n        "table": {\n          "table_name": "PART",\n          "access_type": "eq_ref",\n          "possible_keys": ["PRIMARY"],\n          "key": "PRIMARY",\n          "key_length": "4",\n          "used_key_parts": ["P_PARTKEY"],\n          "ref": ["tpch.PARTSUPP.PS_PARTKEY"],\n          "r_loops": 18000,\n          "rows": 1,\n          "r_rows": 1,\n          "r_total_time_ms": 9.1929,\n          "filtered": 100,\n          "r_filtered": 0.2,\n          "attached_condition": "PART.P_SIZE = 30 and PART.P_TYPE like '%STEEL' and PARTSUPP.PS_SUPPLYCOST = (subquery#2)"\n        },\n        "subqueries": [\n          {\n            "expression_cache": {\n              "r_loops": 50,\n              "r_hit_ratio": 28,\n              "query_block": {\n                "select_id": 2,\n                "r_loops": 36,\n                "r_total_time_ms": 0.6411,\n                "table": {\n                  "table_name": "PARTSUPP",\n                  "access_type": "ref",\n                  "possible_keys": ["PRIMARY", "PARTSUPP_FK1"],\n                  "key": "PRIMARY",\n                  "key_length": "4",\n                  "used_key_parts": ["PS_PARTKEY"],\n                  "ref": ["tpch.PART.P_PARTKEY"],\n                  "r_loops": 36,\n                  "rows": 1,\n                  "r_rows": 4,\n                  "r_total_time_ms": 0.0839,\n                  "filtered": 100,\n                  "r_filtered": 100\n                },\n                "table": {\n                  "table_name": "SUPPLIER",\n                  "access_type": "eq_ref",\n                  "possible_keys": ["PRIMARY", "SUPPLIER_FK1"],\n                  "key": "PRIMARY",\n                  "key_length": "4",\n                  "used_key_parts": ["S_SUPPKEY"],\n                  "ref": ["tpch.PARTSUPP.PS_SUPPKEY"],\n                  "r_loops": 144,\n                  "rows": 1,\n                  "r_rows": 1,\n                  "r_total_time_ms": 0.101,\n                  "filtered": 100,\n                  "r_filtered": 100\n                },\n                "table": {\n                  "table_name": "NATION",\n                  "access_type": "eq_ref",\n                  "possible_keys": ["PRIMARY", "NATION_FK1"],\n                  "key": "PRIMARY",\n                  "key_length": "4",\n                  "used_key_parts": ["N_NATIONKEY"],\n                  "ref": ["tpch.SUPPLIER.S_NATIONKEY"],\n                  "r_loops": 144,\n                  "rows": 1,\n                  "r_rows": 1,\n                  "r_total_time_ms": 0.0582,\n                  "filtered": 100,\n                  "r_filtered": 100\n                },\n                "table": {\n                  "table_name": "REGION",\n                  "access_type": "eq_ref",\n                  "possible_keys": ["PRIMARY"],\n                  "key": "PRIMARY",\n                  "key_length": "4",\n                  "used_key_parts": ["R_REGIONKEY"],\n                  "ref": ["tpch.NATION.N_REGIONKEY"],\n                  "r_loops": 144,\n                  "rows": 1,\n                  "r_rows": 1,\n                  "r_total_time_ms": 0.0833,\n                  "filtered": 100,\n                  "r_filtered": 34.722,\n                  "attached_condition": "REGION.R_NAME = 'ASIA'"\n                }\n              }\n            }\n          }\n        ]\n      }\n    }\n  }\n}
Query_ID	Duration	Query
1	0.04158424	analyze format=json select s_acctbal, s_name, n_name, p_partkey, p_mfgr, s_address, s_phone, s_comment from PART, SUPPLIER, PARTSUPP, NATION, REGION where p_partkey = ps_partkey and s_suppkey = ps_suppkey and p_size = 30 and p_type like '%STEEL' and s_nationkey = n_nationkey and n_regionkey = r_regi

ANALYZE
{\n  "query_block": {\n    "select_id": 1,\n    "r_loops": 1,\n    "r_total_time_ms": 140.98,\n    "filesort": {\n      "sort_key": "sum(LINEITEM.L_EXTENDEDPRICE * (1 - LINEITEM.L_DISCOUNT)) desc, ORDERS.O_ORDERDATE",\n      "r_loops": 1,\n      "r_total_time_ms": 0.0551,\n      "r_limit": 10,\n      "r_used_priority_queue": true,\n      "r_output_rows": 11,\n      "temporary_table": {\n        "table": {\n          "table_name": "CUSTOMER",\n          "access_type": "ALL",\n          "possible_keys": ["PRIMARY"],\n          "r_loops": 1,\n          "rows": 14919,\n          "r_rows": 15000,\n          "r_total_time_ms": 2.3001,\n          "filtered": 100,\n          "r_filtered": 20.087,\n          "attached_condition": "CUSTOMER.C_MKTSEGMENT = 'AUTOMOBILE'"\n        },\n        "table": {\n          "table_name": "ORDERS",\n          "access_type": "ref",\n          "possible_keys": ["ORDERS_FK1"],\n          "key": "ORDERS_FK1",\n          "key_length": "4",\n          "used_key_parts": ["O_CUSTKEY"],\n          "ref": ["tpch.CUSTOMER.C_CUSTKEY"],\n          "r_loops": 3013,\n          "rows": 7,\n          "r_rows": 9.9101,\n          "r_total_time_ms": 63.05,\n          "filtered": 100,\n          "r_filtered": 48.565,\n          "attached_condition": "ORDERS.O_ORDERDATE < DATE'1995-03-13'"\n        },\n        "table": {\n          "table_name": "LINEITEM",\n          "access_type": "ref",\n          "possible_keys": ["PRIMARY"],\n          "key": "PRIMARY",\n          "key_length": "4",\n          "used_key_parts": ["L_ORDERKEY"],\n          "ref": ["tpch.ORDERS.O_ORDERKEY"],\n          "r_loops": 14501,\n          "rows": 2,\n          "r_rows": 4.0097,\n          "r_total_time_ms": 65.15,\n          "filtered": 100,\n          "r_filtered": 5.0185,\n          "attached_condition": "LINEITEM.L_SHIPDATE > DATE'1995-03-13'"\n        }\n      }\n    }\n  }\n}
Query_ID	Duration	Query
1	0.14081190	analyze format=json select l_orderkey, sum(l_extendedprice * (1 - l_discount)) as revenue, o_orderdate, o_shippriority from CUSTOMER, ORDERS, LINEITEM where c_mktsegment = 'AUTOMOBILE' and c_custkey = o_custkey and l_orderkey = o_orderkey and o_orderdate < date '1995-03-13' and l_shipdate > date '19

ANALYZE
{\n  "query_block": {\n    "select_id": 1,\n    "r_loops": 1,\n    "r_total_time_ms": 244.13,\n    "filesort": {\n      "sort_key": "ORDERS.O_ORDERPRIORITY",\n      "r_loops": 1,\n      "r_total_time_ms": 0.004,\n      "r_used_priority_queue": false,\n      "r_output_rows": 5,\n      "r_buffer_size": "690",\n      "temporary_table": {\n        "table": {\n          "table_name": "ORDERS",\n          "access_type": "ALL",\n          "r_loops": 1,\n          "rows": 148712,\n          "r_rows": 150000,\n          "r_total_time_ms": 39.474,\n          "filtered": 100,\n          "r_filtered": 3.7387,\n          "attached_condition": "ORDERS.O_ORDERDATE >= DATE'1995-01-01' and ORDERS.O_ORDERDATE < '1995-04-01'"\n        },\n        "table": {\n          "table_name": "<subquery2>",\n          "access_type": "eq_ref",\n          "possible_keys": ["distinct_key"],\n          "key": "distinct_key",\n          "key_length": "4",\n          "used_key_parts": ["l_orderkey"],\n          "ref": ["func"],\n          "r_loops": 5608,\n          "rows": 1,\n          "r_rows": 0.9187,\n          "r_total_time_ms": 47.8,\n          "filtered": 100,\n          "r_filtered": 100,\n          "materialized": {\n            "unique": 1,\n            "query_block": {\n              "select_id": 2,\n              "table": {\n                "table_name": "LINEITEM",\n                "access_type": "ALL",\n                "possible_keys": ["PRIMARY"],\n                "r_loops": 1,\n                "rows": 595023,\n                "r_rows": 600572,\n                "r_total_time_ms": 92.762,\n                "filtered": 100,\n                "r_filtered": 63.241,\n                "attached_condition": "LINEITEM.L_COMMITDATE < LINEITEM.L_RECEIPTDATE"\n              }\n            }\n          }\n        }\n      }\n    }\n  }\n}
Query_ID	Duration	Query
1	0.24364714	analyze format=json select o_orderpriority, count(*) as order_count from ORDERS where o_orderdate >= date '1995-01-01' and o_orderdate < date '1995-01-01' + interval '3' month and exists (select * from LINEITEM where l_orderkey = o_orderkey and l_commitdate < l_receiptdate) group by o_orderpriority 

ANALYZE
{\n  "query_block": {\n    "select_id": 1,\n    "r_loops": 1,\n    "r_total_time_ms": 51.193,\n    "filesort": {\n      "sort_key": "sum(LINEITEM.L_EXTENDEDPRICE * (1 - LINEITEM.L_DISCOUNT)) desc",\n      "r_loops": 1,\n      "r_total_time_ms": 0.0044,\n      "r_used_priority_queue": false,\n      "r_output_rows": 5,\n      "r_buffer_size": "615",\n      "temporary_table": {\n        "table": {\n          "table_name": "REGION",\n          "access_type": "ALL",\n          "possible_keys": ["PRIMARY"],\n          "r_loops": 1,\n          "rows": 5,\n          "r_rows": 5,\n          "r_total_time_ms": 0.0444,\n          "filtered": 100,\n          "r_filtered": 20,\n          "attached_condition": "REGION.R_NAME = 'MIDDLE EAST'"\n        },\n        "table": {\n          "table_name": "NATION",\n          "access_type": "ref",\n          "possible_keys": ["PRIMARY", "NATION_FK1"],\n          "key": "NATION_FK1",\n          "key_length": "4",\n          "used_key_parts": ["N_REGIONKEY"],\n          "ref": ["tpch.REGION.R_REGIONKEY"],\n          "r_loops": 1,\n          "rows": 2,\n          "r_rows": 5,\n          "r_total_time_ms": 0.0169,\n          "filtered": 100,\n          "r_filtered": 100\n        },\n        "table": {\n          "table_name": "CUSTOMER",\n          "access_type": "ref",\n          "possible_keys": ["PRIMARY", "CUSTOMER_FK1"],\n          "key": "CUSTOMER_FK1",\n          "key_length": "4",\n          "used_key_parts": ["C_NATIONKEY"],\n          "ref": ["tpch.NATION.N_NATIONKEY"],\n          "r_loops": 5,\n          "rows": 298,\n          "r_rows": 601,\n          "r_total_time_ms": 0.5541,\n          "filtered": 100,\n          "r_filtered": 100,\n          "using_index": true\n        },\n        "table": {\n          "table_name": "ORDERS",\n          "access_type": "ref",\n          "possible_keys": ["ORDERS_FK1"],\n          "key": "ORDERS_FK1",\n          "key_length": "4",\n          "used_key_parts": ["O_CUSTKEY"],\n          "ref": ["tpch.CUSTOMER.C_CUSTKEY"],\n          "r_loops": 3005,\n          "rows": 7,\n          "r_rows": 10.106,\n          "r_total_time_ms": 27.416,\n          "filtered": 100,\n          "r_filtered": 15.019,\n          "attached_condition": "ORDERS.O_ORDERDATE >= DATE'1994-01-01' and ORDERS.O_ORDERDATE < '1995-01-01'"\n        },\n        "table": {\n          "table_name": "LINEITEM",\n          "access_type": "ref",\n          "possible_keys": ["PRIMARY"],\n          "key": "PRIMARY",\n          "key_length": "4",\n          "used_key_parts": ["L_ORDERKEY"],\n          "ref": ["tpch.ORDERS.O_ORDERKEY"],\n          "r_loops": 4561,\n          "rows": 2,\n          "r_rows": 4.0436,\n          "r_total_time_ms": 10.884,\n          "filtered": 100,\n          "r_filtered": 100\n        },\n        "table": {\n          "table_name": "SUPPLIER",\n          "access_type": "eq_ref",\n          "possible_keys": ["PRIMARY", "SUPPLIER_FK1"],\n          "key": "PRIMARY",\n          "key_length": "4",\n          "used_key_parts": ["S_SUPPKEY"],\n          "ref": ["tpch.LINEITEM.L_SUPPKEY"],\n          "r_loops": 18443,\n          "rows": 1,\n          "r_rows": 1,\n          "r_total_time_ms": 5.4398,\n          "filtered": 100,\n          "r_filtered": 4.1262,\n          "attached_condition": "SUPPLIER.S_NATIONKEY = NATION.N_NATIONKEY"\n        }\n      }\n    }\n  }\n}
Query_ID	Duration	Query
1	0.05133921	analyze format=json select n_name, sum(l_extendedprice * (1 - l_discount)) as revenue from CUSTOMER, ORDERS, LINEITEM, SUPPLIER, NATION, REGION where c_custkey = o_custkey and l_orderkey = o_orderkey and l_suppkey = s_suppkey and c_nationkey = s_nationkey and s_nationkey = n_nationkey and n_regionke

ANALYZE
{\n  "query_block": {\n    "select_id": 1,\n    "r_loops": 1,\n    "r_total_time_ms": 148.93,\n    "table": {\n      "table_name": "LINEITEM",\n      "access_type": "ALL",\n      "r_loops": 1,\n      "rows": 595023,\n      "r_rows": 600572,\n      "r_total_time_ms": 95.015,\n      "filtered": 100,\n      "r_filtered": 1.9345,\n      "attached_condition": "LINEITEM.L_SHIPDATE >= DATE'1994-01-01' and LINEITEM.L_SHIPDATE < '1995-01-01' and LINEITEM.L_DISCOUNT between 0.05 and 0.07 and LINEITEM.L_QUANTITY < 24"\n    }\n  }\n}
Query_ID	Duration	Query
1	0.14865516	analyze format=json select\n\tsum(l_extendedprice * l_discount) as revenue\nfrom\n\tLINEITEM\nwhere\n\tl_shipdate >= date '1994-01-01'\n\tand l_shipdate < date '1994-01-01' + interval '1' year\n\tand l_discount between 0.06 - 0.01 and 0.06 + 0.01\n\tand l_quantity < 24

ANALYZE
{\n  "query_block": {\n    "select_id": 1,\n    "r_loops": 1,\n    "r_total_time_ms": 59.928,\n    "filesort": {\n      "sort_key": "n1.N_NAME, n2.N_NAME, extract(year from LINEITEM.L_SHIPDATE)",\n      "r_loops": 1,\n      "r_total_time_ms": 0.0058,\n      "r_used_priority_queue": false,\n      "r_output_rows": 4,\n      "r_buffer_size": "1Kb",\n      "temporary_table": {\n        "table": {\n          "table_name": "n2",\n          "access_type": "ALL",\n          "possible_keys": ["PRIMARY"],\n          "r_loops": 1,\n          "rows": 25,\n          "r_rows": 25,\n          "r_total_time_ms": 0.0126,\n          "filtered": 100,\n          "r_filtered": 8,\n          "attached_condition": "n2.N_NAME = 'INDIA' or n2.N_NAME = 'JAPAN'"\n        },\n        "table": {\n          "table_name": "CUSTOMER",\n          "access_type": "ref",\n          "possible_keys": ["PRIMARY", "CUSTOMER_FK1"],\n          "key": "CUSTOMER_FK1",\n          "key_length": "4",\n          "used_key_parts": ["C_NATIONKEY"],\n          "ref": ["tpch.n2.N_NATIONKEY"],\n          "r_loops": 2,\n          "rows": 298,\n          "r_rows": 602,\n          "r_total_time_ms": 0.2328,\n          "filtered": 100,\n          "r_filtered": 100,\n          "using_index": true\n        },\n        "table": {\n          "table_name": "ORDERS",\n          "access_type": "ref",\n          "possible_keys": ["ORDERS_FK1"],\n          "key": "ORDERS_FK1",\n          "key_length": "4",\n          "used_key_parts": ["O_CUSTKEY"],\n          "ref": ["tpch.CUSTOMER.C_CUSTKEY"],\n          "r_loops": 1204,\n          "rows": 7,\n          "r_rows": 9.6287,\n          "r_total_time_ms": 12.386,\n          "filtered": 100,\n          "r_filtered": 100\n        },\n        "table": {\n          "table_name": "LINEITEM",\n          "access_type": "ref",\n          "possible_keys": ["PRIMARY"],\n          "key": "PRIMARY",\n          "key_length": "4",\n          "used_key_parts": ["L_ORDERKEY"],\n          "ref": ["tpch.ORDERS.O_ORDERKEY"],\n          "r_loops": 11593,\n          "rows": 2,\n          "r_rows": 3.9762,\n          "r_total_time_ms": 28.118,\n          "filtered": 100,\n          "r_filtered": 30.742,\n          "attached_condition": "LINEITEM.L_SHIPDATE between DATE'1995-01-01' and DATE'1996-12-31'"\n        },\n        "table": {\n          "table_name": "SUPPLIER",\n          "access_type": "eq_ref",\n          "possible_keys": ["PRIMARY", "SUPPLIER_FK1"],\n          "key": "PRIMARY",\n          "key_length": "4",\n          "used_key_parts": ["S_SUPPKEY"],\n          "ref": ["tpch.LINEITEM.L_SUPPKEY"],\n          "r_loops": 14171,\n          "rows": 1,\n          "r_rows": 1,\n          "r_total_time_ms": 4.5318,\n          "filtered": 100,\n          "r_filtered": 100\n        },\n        "table": {\n          "table_name": "n1",\n          "access_type": "eq_ref",\n          "possible_keys": ["PRIMARY"],\n          "key": "PRIMARY",\n          "key_length": "4",\n          "used_key_parts": ["N_NATIONKEY"],\n          "ref": ["tpch.SUPPLIER.S_NATIONKEY"],\n          "r_loops": 14171,\n          "rows": 1,\n          "r_rows": 1,\n          "r_total_time_ms": 4.773,\n          "filtered": 100,\n          "r_filtered": 4.4104,\n          "attached_condition": "n1.N_NAME = 'JAPAN' and n2.N_NAME = 'INDIA' or n1.N_NAME = 'INDIA' and n2.N_NAME = 'JAPAN'"\n        }\n      }\n    }\n  }\n}
Query_ID	Duration	Query
1	0.06008800	analyze format=json select supp_nation, cust_nation, l_year, sum(volume) as revenue from ( select n1.n_name as supp_nation, n2.n_name as cust_nation, extract(year from l_shipdate) as l_year, l_extendedprice * (1 - l_discount) as volume from SUPPLIER, LINEITEM, ORDERS, CUSTOMER, NATION n1, NATION n2 

ANALYZE
{\n  "query_block": {\n    "select_id": 1,\n    "r_loops": 1,\n    "r_total_time_ms": 75.051,\n    "filesort": {\n      "sort_key": "extract(year from ORDERS.O_ORDERDATE)",\n      "r_loops": 1,\n      "r_total_time_ms": 0.0045,\n      "r_used_priority_queue": false,\n      "r_output_rows": 2,\n      "r_buffer_size": "315",\n      "temporary_table": {\n        "table": {\n          "table_name": "REGION",\n          "access_type": "ALL",\n          "possible_keys": ["PRIMARY"],\n          "r_loops": 1,\n          "rows": 5,\n          "r_rows": 5,\n          "r_total_time_ms": 0.011,\n          "filtered": 100,\n          "r_filtered": 20,\n          "attached_condition": "REGION.R_NAME = 'ASIA'"\n        },\n        "table": {\n          "table_name": "n1",\n          "access_type": "ref",\n          "possible_keys": ["PRIMARY", "NATION_FK1"],\n          "key": "NATION_FK1",\n          "key_length": "4",\n          "used_key_parts": ["N_REGIONKEY"],\n          "ref": ["tpch.REGION.R_REGIONKEY"],\n          "r_loops": 1,\n          "rows": 2,\n          "r_rows": 5,\n          "r_total_time_ms": 0.0052,\n          "filtered": 100,\n          "r_filtered": 100,\n          "using_index": true\n        },\n        "table": {\n          "table_name": "CUSTOMER",\n          "access_type": "ref",\n          "possible_keys": ["PRIMARY", "CUSTOMER_FK1"],\n          "key": "CUSTOMER_FK1",\n          "key_length": "4",\n          "used_key_parts": ["C_NATIONKEY"],\n          "ref": ["tpch.n1.N_NATIONKEY"],\n          "r_loops": 5,\n          "rows": 298,\n          "r_rows": 602.8,\n          "r_total_time_ms": 0.5066,\n          "filtered": 100,\n          "r_filtered": 100,\n          "using_index": true\n        },\n        "table": {\n          "table_name": "ORDERS",\n          "access_type": "ref",\n          "possible_keys": ["ORDERS_FK1"],\n          "key": "ORDERS_FK1",\n          "key_length": "4",\n          "used_key_parts": ["O_CUSTKEY"],\n          "ref": ["tpch.CUSTOMER.C_CUSTKEY"],\n          "r_loops": 3014,\n          "rows": 7,\n          "r_rows": 10.011,\n          "r_total_time_ms": 29,\n          "filtered": 100,\n          "r_filtered": 30.537,\n          "attached_condition": "ORDERS.O_ORDERDATE between DATE'1995-01-01' and DATE'1996-12-31'"\n        },\n        "table": {\n          "table_name": "LINEITEM",\n          "access_type": "ref",\n          "possible_keys": ["PRIMARY", "LINEITEM_FK2"],\n          "key": "PRIMARY",\n          "key_length": "4",\n          "used_key_parts": ["L_ORDERKEY"],\n          "ref": ["tpch.ORDERS.O_ORDERKEY"],\n          "r_loops": 9214,\n          "rows": 2,\n          "r_rows": 3.9998,\n          "r_total_time_ms": 22.4,\n          "filtered": 100,\n          "r_filtered": 100\n        },\n        "table": {\n          "table_name": "PART",\n          "access_type": "eq_ref",\n          "possible_keys": ["PRIMARY"],\n          "key": "PRIMARY",\n          "key_length": "4",\n          "used_key_parts": ["P_PARTKEY"],\n          "ref": ["tpch.LINEITEM.L_PARTKEY"],\n          "r_loops": 36854,\n          "rows": 1,\n          "r_rows": 1,\n          "r_total_time_ms": 14.297,\n          "filtered": 100,\n          "r_filtered": 0.7516,\n          "attached_condition": "PART.P_TYPE = 'SMALL PLATED COPPER'"\n        },\n        "table": {\n          "table_name": "SUPPLIER",\n          "access_type": "eq_ref",\n          "possible_keys": ["PRIMARY", "SUPPLIER_FK1"],\n          "key": "PRIMARY",\n          "key_length": "4",\n          "used_key_parts": ["S_SUPPKEY"],\n          "ref": ["tpch.LINEITEM.L_SUPPKEY"],\n          "r_loops": 277,\n          "rows": 1,\n          "r_rows": 1,\n          "r_total_time_ms": 0.1657,\n          "filtered": 100,\n          "r_filtered": 100\n        },\n        "table": {\n          "table_name": "n2",\n          "access_type": "eq_ref",\n          "possible_keys": ["PRIMARY"],\n          "key": "PRIMARY",\n          "key_length": "4",\n          "used_key_parts": ["N_NATIONKEY"],\n          "ref": ["tpch.SUPPLIER.S_NATIONKEY"],\n          "r_loops": 277,\n          "rows": 1,\n          "r_rows": 1,\n          "r_total_time_ms": 0.1427,\n          "filtered": 100,\n          "r_filtered": 100\n        }\n      }\n    }\n  }\n}
Query_ID	Duration	Query
1	0.07522864	analyze format=json select o_year, sum(case when nation = 'INDIA' then volume else 0 end) / sum(volume) as mkt_share from (select extract(year from o_orderdate) as o_year,\tl_extendedprice * (1 - l_discount) as volume, n2.n_name as nation from PART, SUPPLIER, LINEITEM, ORDERS, CUSTOMER, NATION n1, NA

ANALYZE
{\n  "query_block": {\n    "select_id": 1,\n    "r_loops": 1,\n    "r_total_time_ms": 764.32,\n    "filesort": {\n      "sort_key": "NATION.N_NAME, extract(year from ORDERS.O_ORDERDATE) desc",\n      "r_loops": 1,\n      "r_total_time_ms": 0.0409,\n      "r_used_priority_queue": false,\n      "r_output_rows": 175,\n      "r_buffer_size": "12Kb",\n      "temporary_table": {\n        "table": {\n          "table_name": "ORDERS",\n          "access_type": "ALL",\n          "r_loops": 1,\n          "rows": 148712,\n          "r_rows": 150000,\n          "r_total_time_ms": 44.923,\n          "filtered": 100,\n          "r_filtered": 100\n        },\n        "table": {\n          "table_name": "LINEITEM",\n          "access_type": "ref",\n          "possible_keys": ["PRIMARY", "LINEITEM_FK2"],\n          "key": "PRIMARY",\n          "key_length": "4",\n          "used_key_parts": ["L_ORDERKEY"],\n          "ref": ["tpch.ORDERS.O_ORDERKEY"],\n          "r_loops": 150000,\n          "rows": 2,\n          "r_rows": 4.0038,\n          "r_total_time_ms": 240.07,\n          "filtered": 100,\n          "r_filtered": 100\n        },\n        "table": {\n          "table_name": "PART",\n          "access_type": "eq_ref",\n          "possible_keys": ["PRIMARY"],\n          "key": "PRIMARY",\n          "key_length": "4",\n          "used_key_parts": ["P_PARTKEY"],\n          "ref": ["tpch.LINEITEM.L_PARTKEY"],\n          "r_loops": 600572,\n          "rows": 1,\n          "r_rows": 1,\n          "r_total_time_ms": 190.39,\n          "filtered": 100,\n          "r_filtered": 5.546,\n          "attached_condition": "PART.P_NAME like '%dim%'"\n        },\n        "table": {\n          "table_name": "PARTSUPP",\n          "access_type": "eq_ref",\n          "possible_keys": ["PRIMARY", "PARTSUPP_FK1"],\n          "key": "PRIMARY",\n          "key_length": "8",\n          "used_key_parts": ["PS_PARTKEY", "PS_SUPPKEY"],\n          "ref": ["tpch.LINEITEM.L_PARTKEY", "tpch.LINEITEM.L_SUPPKEY"],\n          "r_loops": 33308,\n          "rows": 1,\n          "r_rows": 1,\n          "r_total_time_ms": 41.467,\n          "filtered": 100,\n          "r_filtered": 100\n        },\n        "table": {\n          "table_name": "SUPPLIER",\n          "access_type": "eq_ref",\n          "possible_keys": ["PRIMARY", "SUPPLIER_FK1"],\n          "key": "PRIMARY",\n          "key_length": "4",\n          "used_key_parts": ["S_SUPPKEY"],\n          "ref": ["tpch.LINEITEM.L_SUPPKEY"],\n          "r_loops": 33308,\n          "rows": 1,\n          "r_rows": 1,\n          "r_total_time_ms": 14.886,\n          "filtered": 100,\n          "r_filtered": 100\n        },\n        "table": {\n          "table_name": "NATION",\n          "access_type": "eq_ref",\n          "possible_keys": ["PRIMARY"],\n          "key": "PRIMARY",\n          "key_length": "4",\n          "used_key_parts": ["N_NATIONKEY"],\n          "ref": ["tpch.SUPPLIER.S_NATIONKEY"],\n          "r_loops": 33308,\n          "rows": 1,\n          "r_rows": 1,\n          "r_total_time_ms": 13.296,\n          "filtered": 100,\n          "r_filtered": 100\n        }\n      }\n    }\n  }\n}
Query_ID	Duration	Query
1	0.76232820	analyze format=json select nation, o_year, sum(amount) as sum_profit from (select n_name as nation, extract(year from o_orderdate) as o_year, l_extendedprice * (1 - l_discount) - ps_supplycost * l_quantity as amount from PART, SUPPLIER, LINEITEM, PARTSUPP, ORDERS, NATION where s_suppkey = l_suppkey 

ANALYZE
{\n  "query_block": {\n    "select_id": 1,\n    "r_loops": 1,\n    "r_total_time_ms": 240.67,\n    "filesort": {\n      "sort_key": "sum(LINEITEM.L_EXTENDEDPRICE * (1 - LINEITEM.L_DISCOUNT)) desc",\n      "r_loops": 1,\n      "r_total_time_ms": 0.3858,\n      "r_limit": 20,\n      "r_used_priority_queue": true,\n      "r_output_rows": 21,\n      "temporary_table": {\n        "table": {\n          "table_name": "NATION",\n          "access_type": "ALL",\n          "possible_keys": ["PRIMARY"],\n          "r_loops": 1,\n          "rows": 25,\n          "r_rows": 25,\n          "r_total_time_ms": 0.0201,\n          "filtered": 100,\n          "r_filtered": 100\n        },\n        "table": {\n          "table_name": "CUSTOMER",\n          "access_type": "ref",\n          "possible_keys": ["PRIMARY", "CUSTOMER_FK1"],\n          "key": "CUSTOMER_FK1",\n          "key_length": "4",\n          "used_key_parts": ["C_NATIONKEY"],\n          "ref": ["tpch.NATION.N_NATIONKEY"],\n          "r_loops": 25,\n          "rows": 298,\n          "r_rows": 600,\n          "r_total_time_ms": 14.216,\n          "filtered": 100,\n          "r_filtered": 100\n        },\n        "table": {\n          "table_name": "ORDERS",\n          "access_type": "ref",\n          "possible_keys": ["ORDERS_FK1"],\n          "key": "ORDERS_FK1",\n          "key_length": "4",\n          "used_key_parts": ["O_CUSTKEY"],\n          "ref": ["tpch.CUSTOMER.C_CUSTKEY"],\n          "r_loops": 15000,\n          "rows": 7,\n          "r_rows": 10,\n          "r_total_time_ms": 148.7,\n          "filtered": 100,\n          "r_filtered": 3.7047,\n          "attached_condition": "ORDERS.O_ORDERDATE >= DATE'1993-08-01' and ORDERS.O_ORDERDATE < '1993-11-01'"\n        },\n        "table": {\n          "table_name": "LINEITEM",\n          "access_type": "ref",\n          "possible_keys": ["PRIMARY"],\n          "key": "PRIMARY",\n          "key_length": "4",\n          "used_key_parts": ["L_ORDERKEY"],\n          "ref": ["tpch.ORDERS.O_ORDERKEY"],\n          "r_loops": 5557,\n          "rows": 2,\n          "r_rows": 3.9977,\n          "r_total_time_ms": 19.446,\n          "filtered": 100,\n          "r_filtered": 49.885,\n          "attached_condition": "LINEITEM.L_RETURNFLAG = 'R'"\n        }\n      }\n    }\n  }\n}
Query_ID	Duration	Query
1	0.24022598	analyze format=json select c_custkey,\n\tc_name,\n\tsum(l_extendedprice * (1 - l_discount)) as revenue,\n\tc_acctbal,\n\tn_name,\n\tc_address,\n\tc_phone,\n\tc_comment\nfrom\n\tCUSTOMER,\n\tORDERS,\n\tLINEITEM,\n\tNATION\nwhere\n\tc_custkey = o_custkey\n\tand l_orderkey = o_orderkey\n\tand o_orderdate >= date '1993-08-01'\n\tand o

ANALYZE
{\n  "query_block": {\n    "select_id": 1,\n    "r_loops": 1,\n    "r_total_time_ms": 27.486,\n    "having_condition": "sum(PARTSUPP.PS_SUPPLYCOST * PARTSUPP.PS_AVAILQTY) > (subquery#2)",\n    "filesort": {\n      "sort_key": "sum(PARTSUPP.PS_SUPPLYCOST * PARTSUPP.PS_AVAILQTY) desc",\n      "r_loops": 1,\n      "r_total_time_ms": 7.1659,\n      "r_used_priority_queue": false,\n      "r_output_rows": 1978,\n      "r_buffer_size": "96Kb",\n      "temporary_table": {\n        "table": {\n          "table_name": "NATION",\n          "access_type": "ALL",\n          "possible_keys": ["PRIMARY"],\n          "r_loops": 1,\n          "rows": 25,\n          "r_rows": 25,\n          "r_total_time_ms": 0.0128,\n          "filtered": 100,\n          "r_filtered": 4,\n          "attached_condition": "NATION.N_NAME = 'MOZAMBIQUE'"\n        },\n        "table": {\n          "table_name": "SUPPLIER",\n          "access_type": "ref",\n          "possible_keys": ["PRIMARY", "SUPPLIER_FK1"],\n          "key": "SUPPLIER_FK1",\n          "key_length": "4",\n          "used_key_parts": ["S_NATIONKEY"],\n          "ref": ["tpch.NATION.N_NATIONKEY"],\n          "r_loops": 1,\n          "rows": 20,\n          "r_rows": 34,\n          "r_total_time_ms": 0.0539,\n          "filtered": 100,\n          "r_filtered": 100,\n          "using_index": true\n        },\n        "table": {\n          "table_name": "PARTSUPP",\n          "access_type": "ref",\n          "possible_keys": ["PARTSUPP_FK1"],\n          "key": "PARTSUPP_FK1",\n          "key_length": "4",\n          "used_key_parts": ["PS_SUPPKEY"],\n          "ref": ["tpch.SUPPLIER.S_SUPPKEY"],\n          "r_loops": 34,\n          "rows": 41,\n          "r_rows": 80,\n          "r_total_time_ms": 18.743,\n          "filtered": 100,\n          "r_filtered": 100\n        },\n        "subqueries": [\n          {\n            "query_block": {\n              "select_id": 2,\n              "r_loops": 1,\n              "r_total_time_ms": 6.7574,\n              "table": {\n                "table_name": "NATION",\n                "access_type": "ALL",\n                "possible_keys": ["PRIMARY"],\n                "r_loops": 1,\n                "rows": 25,\n                "r_rows": 25,\n                "r_total_time_ms": 0.0065,\n                "filtered": 100,\n                "r_filtered": 4,\n                "attached_condition": "NATION.N_NAME = 'MOZAMBIQUE'"\n              },\n              "table": {\n                "table_name": "SUPPLIER",\n                "access_type": "ref",\n                "possible_keys": ["PRIMARY", "SUPPLIER_FK1"],\n                "key": "SUPPLIER_FK1",\n                "key_length": "4",\n                "used_key_parts": ["S_NATIONKEY"],\n                "ref": ["tpch.NATION.N_NATIONKEY"],\n                "r_loops": 1,\n                "rows": 20,\n                "r_rows": 34,\n                "r_total_time_ms": 0.0107,\n                "filtered": 100,\n                "r_filtered": 100,\n                "using_index": true\n              },\n              "table": {\n                "table_name": "PARTSUPP",\n                "access_type": "ref",\n                "possible_keys": ["PARTSUPP_FK1"],\n                "key": "PARTSUPP_FK1",\n                "key_length": "4",\n                "used_key_parts": ["PS_SUPPKEY"],\n                "ref": ["tpch.SUPPLIER.S_SUPPKEY"],\n                "r_loops": 34,\n                "rows": 41,\n                "r_rows": 80,\n                "r_total_time_ms": 6.3402,\n                "filtered": 100,\n                "r_filtered": 100\n              }\n            }\n          }\n        ]\n      }\n    }\n  }\n}
Query_ID	Duration	Query
1	0.02768867	analyze format=json select ps_partkey, sum(ps_supplycost * ps_availqty) as value from PARTSUPP, SUPPLIER, NATION where ps_suppkey = s_suppkey and s_nationkey = n_nationkey and n_name = 'MOZAMBIQUE' group by ps_partkey having sum(ps_supplycost * ps_availqty) > (select sum(ps_supplycost * ps_availqty)

ANALYZE
{\n  "query_block": {\n    "select_id": 1,\n    "r_loops": 1,\n    "r_total_time_ms": 371.11,\n    "filesort": {\n      "sort_key": "LINEITEM.L_SHIPMODE",\n      "r_loops": 1,\n      "r_total_time_ms": 0.0039,\n      "r_used_priority_queue": false,\n      "r_output_rows": 2,\n      "r_buffer_size": "540",\n      "temporary_table": {\n        "table": {\n          "table_name": "ORDERS",\n          "access_type": "ALL",\n          "r_loops": 1,\n          "rows": 148712,\n          "r_rows": 150000,\n          "r_total_time_ms": 44.938,\n          "filtered": 100,\n          "r_filtered": 100\n        },\n        "table": {\n          "table_name": "LINEITEM",\n          "access_type": "ref",\n          "possible_keys": ["PRIMARY"],\n          "key": "PRIMARY",\n          "key_length": "4",\n          "used_key_parts": ["L_ORDERKEY"],\n          "ref": ["tpch.ORDERS.O_ORDERKEY"],\n          "r_loops": 150000,\n          "rows": 2,\n          "r_rows": 4.0038,\n          "r_total_time_ms": 263.36,\n          "filtered": 100,\n          "r_filtered": 0.5217,\n          "attached_condition": "LINEITEM.L_SHIPMODE in ('RAIL','FOB') and LINEITEM.L_COMMITDATE < LINEITEM.L_RECEIPTDATE and LINEITEM.L_SHIPDATE < LINEITEM.L_COMMITDATE and LINEITEM.L_RECEIPTDATE >= DATE'1997-01-01' and LINEITEM.L_RECEIPTDATE < '1998-01-01'"\n        }\n      }\n    }\n  }\n}
Query_ID	Duration	Query
1	0.37022699	analyze format=json select l_shipmode, sum(case when o_orderpriority = '1-URGENT' or o_orderpriority = '2-HIGH' then 1 else 0 end) as high_line_count, sum(case when o_orderpriority <> '1-URGENT' and o_orderpriority <> '2-HIGH' then 1 else 0 end) as low_line_count from ORDERS, LINEITEM where o_orderk

ANALYZE
{\n  "query_block": {\n    "select_id": 1,\n    "r_loops": 1,\n    "r_total_time_ms": 192.43,\n    "filesort": {\n      "sort_key": "count(0) desc, c_orders.c_count desc",\n      "r_loops": 1,\n      "r_total_time_ms": 0.0063,\n      "r_used_priority_queue": false,\n      "r_output_rows": 37,\n      "r_buffer_size": "1Kb",\n      "temporary_table": {\n        "table": {\n          "table_name": "<derived2>",\n          "access_type": "ALL",\n          "r_loops": 1,\n          "rows": 104433,\n          "r_rows": 15000,\n          "r_total_time_ms": 0.4908,\n          "filtered": 100,\n          "r_filtered": 100,\n          "materialized": {\n            "query_block": {\n              "select_id": 2,\n              "r_loops": 1,\n              "r_total_time_ms": 190.68,\n              "const_condition": "1",\n              "table": {\n                "table_name": "CUSTOMER",\n                "access_type": "index",\n                "key": "PRIMARY",\n                "key_length": "4",\n                "used_key_parts": ["C_CUSTKEY"],\n                "r_loops": 1,\n                "rows": 14919,\n                "r_rows": 15000,\n                "r_total_time_ms": 2.1097,\n                "filtered": 100,\n                "r_filtered": 100,\n                "using_index": true\n              },\n              "table": {\n                "table_name": "ORDERS",\n                "access_type": "ref",\n                "possible_keys": ["ORDERS_FK1"],\n                "key": "ORDERS_FK1",\n                "key_length": "4",\n                "used_key_parts": ["O_CUSTKEY"],\n                "ref": ["tpch.CUSTOMER.C_CUSTKEY"],\n                "r_loops": 15000,\n                "rows": 7,\n                "r_rows": 10,\n                "r_total_time_ms": 139.56,\n                "filtered": 100,\n                "r_filtered": 98.937,\n                "attached_condition": "trigcond(ORDERS.O_COMMENT  not like '%pending%deposits%')"\n              }\n            }\n          }\n        }\n      }\n    }\n  }\n}
Query_ID	Duration	Query
1	0.19210232	analyze format=json select c_count, count(*) as custdist from (select c_custkey, count(o_orderkey) as c_count from CUSTOMER left outer join ORDERS on c_custkey = o_custkey and o_comment not like '%pending%deposits%' group by c_custkey) c_orders group by c_count order by custdist desc, c_count desc

ANALYZE
{\n  "query_block": {\n    "select_id": 1,\n    "r_loops": 1,\n    "r_total_time_ms": 1257.4,\n    "table": {\n      "table_name": "PART",\n      "access_type": "ALL",\n      "possible_keys": ["PRIMARY"],\n      "r_loops": 1,\n      "rows": 19850,\n      "r_rows": 20000,\n      "r_total_time_ms": 6.342,\n      "filtered": 100,\n      "r_filtered": 100\n    },\n    "table": {\n      "table_name": "LINEITEM",\n      "access_type": "ref",\n      "possible_keys": ["LINEITEM_FK2"],\n      "key": "LINEITEM_FK2",\n      "key_length": "4",\n      "used_key_parts": ["L_PARTKEY"],\n      "ref": ["tpch.PART.P_PARTKEY"],\n      "r_loops": 20000,\n      "rows": 14,\n      "r_rows": 30.029,\n      "r_total_time_ms": 1197.9,\n      "filtered": 100,\n      "r_filtered": 1.2856,\n      "attached_condition": "LINEITEM.L_SHIPDATE >= DATE'1996-12-01' and LINEITEM.L_SHIPDATE < '1997-01-01'"\n    }\n  }\n}
Query_ID	Duration	Query
1	1.25378463	analyze format=json select 100.00 * sum(case when p_type like 'PROMO%' then l_extendedprice * (1 - l_discount) else 0 end) / sum(l_extendedprice * (1 - l_discount)) as promo_revenue from LINEITEM, PART where l_partkey = p_partkey and l_shipdate >= date '1996-12-01' and l_shipdate < date '1996-12-01'

ANALYZE
{\n  "query_block": {\n    "select_id": 1,\n    "r_loops": 1,\n    "r_total_time_ms": 47.913,\n    "filesort": {\n      "sort_key": "count(distinct PARTSUPP.PS_SUPPKEY) desc, PART.P_BRAND, PART.P_TYPE, PART.P_SIZE",\n      "r_loops": 1,\n      "r_total_time_ms": 0.7253,\n      "r_used_priority_queue": false,\n      "r_output_rows": 2788,\n      "r_buffer_size": "267Kb",\n      "temporary_table": {\n        "read_sorted_file": {\n          "r_rows": 2928,\n          "filesort": {\n            "sort_key": "PART.P_BRAND, PART.P_TYPE, PART.P_SIZE",\n            "r_loops": 1,\n            "r_total_time_ms": 6.8761,\n            "r_used_priority_queue": false,\n            "r_output_rows": 2928,\n            "r_buffer_size": "2047Kb",\n            "table": {\n              "table_name": "PART",\n              "access_type": "ALL",\n              "possible_keys": ["PRIMARY"],\n              "r_loops": 1,\n              "rows": 19850,\n              "r_rows": 20000,\n              "r_total_time_ms": 3.4012,\n              "filtered": 100,\n              "r_filtered": 14.64,\n              "attached_condition": "PART.P_BRAND <> 'Brand#34' and PART.P_TYPE  not like 'LARGE BRUSHED%' and PART.P_SIZE in (48,19,12,4,41,7,21,39)"\n            }\n          }\n        },\n        "table": {\n          "table_name": "PARTSUPP",\n          "access_type": "ref",\n          "possible_keys": ["PRIMARY"],\n          "key": "PRIMARY",\n          "key_length": "4",\n          "used_key_parts": ["PS_PARTKEY"],\n          "ref": ["tpch.PART.P_PARTKEY"],\n          "r_loops": 2928,\n          "rows": 1,\n          "r_rows": 4,\n          "r_total_time_ms": 34.12,\n          "filtered": 100,\n          "r_filtered": 99.846,\n          "attached_condition": "!<in_optimizer>(PARTSUPP.PS_SUPPKEY,PARTSUPP.PS_SUPPKEY in (subquery#2))",\n          "using_index": true\n        },\n        "subqueries": [\n          {\n            "query_block": {\n              "select_id": 2,\n              "r_loops": 1,\n              "r_total_time_ms": 0.4305,\n              "table": {\n                "table_name": "SUPPLIER",\n                "access_type": "ALL",\n                "possible_keys": ["PRIMARY"],\n                "r_loops": 1,\n                "rows": 1000,\n                "r_rows": 1000,\n                "r_total_time_ms": 0.1343,\n                "filtered": 100,\n                "r_filtered": 0.1,\n                "attached_condition": "SUPPLIER.S_COMMENT like '%Customer%Complaints%'"\n              }\n            }\n          }\n        ]\n      }\n    }\n  }\n}
Query_ID	Duration	Query
1	0.04818666	analyze format=json select p_brand, p_type, p_size, count(distinct ps_suppkey) as supplier_cnt from PARTSUPP, PART where p_partkey = ps_partkey and p_brand <> 'Brand#34' and p_type not like 'LARGE BRUSHED%' and p_size in (48, 19, 12, 4, 41, 7, 21, 39) and ps_suppkey not in (select s_suppkey from SUP

ANALYZE
{\n  "query_block": {\n    "select_id": 1,\n    "r_loops": 1,\n    "r_total_time_ms": 10.561,\n    "table": {\n      "table_name": "PART",\n      "access_type": "ALL",\n      "possible_keys": ["PRIMARY"],\n      "r_loops": 1,\n      "rows": 19850,\n      "r_rows": 20000,\n      "r_total_time_ms": 3.6397,\n      "filtered": 100,\n      "r_filtered": 0.105,\n      "attached_condition": "PART.P_BRAND = 'Brand#44' and PART.P_CONTAINER = 'WRAP PKG'"\n    },\n    "table": {\n      "table_name": "LINEITEM",\n      "access_type": "ref",\n      "possible_keys": ["LINEITEM_FK2"],\n      "key": "LINEITEM_FK2",\n      "key_length": "4",\n      "used_key_parts": ["L_PARTKEY"],\n      "ref": ["tpch.PART.P_PARTKEY"],\n      "r_loops": 21,\n      "rows": 14,\n      "r_rows": 30.429,\n      "r_total_time_ms": 2.3385,\n      "filtered": 100,\n      "r_filtered": 7.5117,\n      "attached_condition": "LINEITEM.L_QUANTITY < (subquery#2)"\n    },\n    "subqueries": [\n      {\n        "expression_cache": {\n          "r_loops": 639,\n          "r_hit_ratio": 96.714,\n          "query_block": {\n            "select_id": 2,\n            "r_loops": 21,\n            "r_total_time_ms": 3.407,\n            "table": {\n              "table_name": "LINEITEM",\n              "access_type": "ref",\n              "possible_keys": ["LINEITEM_FK2"],\n              "key": "LINEITEM_FK2",\n              "key_length": "4",\n              "used_key_parts": ["L_PARTKEY"],\n              "ref": ["tpch.PART.P_PARTKEY"],\n              "r_loops": 21,\n              "rows": 14,\n              "r_rows": 30.429,\n              "r_total_time_ms": 3.2269,\n              "filtered": 100,\n              "r_filtered": 100\n            }\n          }\n        }\n      }\n    ]\n  }\n}
Query_ID	Duration	Query
1	0.01080707	analyze format=json select sum(l_extendedprice) / 7.0 as avg_yearly from LINEITEM, PART where p_partkey = l_partkey and p_brand = 'Brand#44' and p_container = 'WRAP PKG' and l_quantity < (select 0.2 * avg(l_quantity) from LINEITEM where l_partkey = p_partkey)

ANALYZE
{\n  "query_block": {\n    "select_id": 1,\n    "r_loops": 1,\n    "r_total_time_ms": 360.52,\n    "filesort": {\n      "sort_key": "ORDERS.O_TOTALPRICE desc, ORDERS.O_ORDERDATE",\n      "r_loops": 1,\n      "r_total_time_ms": 0.0026,\n      "r_limit": 100,\n      "r_used_priority_queue": false,\n      "r_output_rows": 0,\n      "r_buffer_size": "390",\n      "temporary_table": {\n        "table": {\n          "table_name": "CUSTOMER",\n          "access_type": "ALL",\n          "possible_keys": ["PRIMARY"],\n          "r_loops": 1,\n          "rows": 14919,\n          "r_rows": 15000,\n          "r_total_time_ms": 3.5318,\n          "filtered": 100,\n          "r_filtered": 100\n        },\n        "table": {\n          "table_name": "ORDERS",\n          "access_type": "ref",\n          "possible_keys": ["ORDERS_FK1"],\n          "key": "ORDERS_FK1",\n          "key_length": "4",\n          "used_key_parts": ["O_CUSTKEY"],\n          "ref": ["tpch.CUSTOMER.C_CUSTKEY"],\n          "r_loops": 15000,\n          "rows": 7,\n          "r_rows": 10,\n          "r_total_time_ms": 190.55,\n          "filtered": 100,\n          "r_filtered": 100\n        },\n        "table": {\n          "table_name": "<subquery2>",\n          "access_type": "eq_ref",\n          "possible_keys": ["distinct_key"],\n          "key": "distinct_key",\n          "key_length": "4",\n          "used_key_parts": ["l_orderkey"],\n          "ref": ["tpch.ORDERS.O_ORDERKEY"],\n          "r_loops": 150000,\n          "rows": 1,\n          "r_rows": 0,\n          "r_total_time_ms": 2.5591,\n          "filtered": 100,\n          "r_filtered": 100,\n          "materialized": {\n            "unique": 1,\n            "query_block": {\n              "select_id": 2,\n              "r_loops": 1,\n              "r_total_time_ms": 151.48,\n              "having_condition": "sum(LINEITEM.L_QUANTITY) > 314",\n              "table": {\n                "table_name": "LINEITEM",\n                "access_type": "index",\n                "key": "PRIMARY",\n                "key_length": "8",\n                "used_key_parts": ["L_ORDERKEY", "L_LINENUMBER"],\n                "r_loops": 1,\n                "rows": 595023,\n                "r_rows": 600572,\n                "r_total_time_ms": 98.913,\n                "filtered": 100,\n                "r_filtered": 100\n              }\n            }\n          }\n        },\n        "table": {\n          "table_name": "LINEITEM",\n          "access_type": "ref",\n          "possible_keys": ["PRIMARY"],\n          "key": "PRIMARY",\n          "key_length": "4",\n          "used_key_parts": ["L_ORDERKEY"],\n          "ref": ["tpch.ORDERS.O_ORDERKEY"],\n          "r_loops": 0,\n          "rows": 2,\n          "r_rows": null,\n          "filtered": 100,\n          "r_filtered": null\n        }\n      }\n    }\n  }\n}
Query_ID	Duration	Query
1	0.35972035	analyze format=json select c_name, c_custkey, o_orderkey, o_orderdate, o_totalprice, sum(l_quantity) from CUSTOMER, ORDERS, LINEITEM where o_orderkey in (select l_orderkey from LINEITEM group by l_orderkey having sum(l_quantity) > 314) and c_custkey = o_custkey and o_orderkey = l_orderkey group by c

ANALYZE
{\n  "query_block": {\n    "select_id": 1,\n    "r_loops": 1,\n    "r_total_time_ms": 18.616,\n    "table": {\n      "table_name": "PART",\n      "access_type": "ALL",\n      "possible_keys": ["PRIMARY"],\n      "r_loops": 1,\n      "rows": 19850,\n      "r_rows": 20000,\n      "r_total_time_ms": 10.531,\n      "filtered": 100,\n      "r_filtered": 0.205,\n      "attached_condition": "PART.P_BRAND = 'Brand#52' and PART.P_CONTAINER in ('SM CASE','SM BOX','SM PACK','SM PKG') and PART.P_SIZE between 1 and 5 or PART.P_BRAND = 'Brand#11' and PART.P_CONTAINER in ('MED BAG','MED BOX','MED PKG','MED PACK') and PART.P_SIZE between 1 and 10 or PART.P_BRAND = 'Brand#51' and PART.P_CONTAINER in ('LG CASE','LG BOX','LG PACK','LG PKG') and PART.P_SIZE between 1 and 15"\n    },\n    "table": {\n      "table_name": "LINEITEM",\n      "access_type": "ref",\n      "possible_keys": ["LINEITEM_FK2"],\n      "key": "LINEITEM_FK2",\n      "key_length": "4",\n      "used_key_parts": ["L_PARTKEY"],\n      "ref": ["tpch.PART.P_PARTKEY"],\n      "r_loops": 41,\n      "rows": 14,\n      "r_rows": 29.659,\n      "r_total_time_ms": 4.7317,\n      "filtered": 100,\n      "r_filtered": 0.8224,\n      "index_condition": "PART.P_BRAND = 'Brand#52' and PART.P_CONTAINER in ('SM CASE','SM BOX','SM PACK','SM PKG') and PART.P_SIZE between 1 and 5 or PART.P_BRAND = 'Brand#11' and PART.P_CONTAINER in ('MED BAG','MED BOX','MED PKG','MED PACK') and PART.P_SIZE between 1 and 10 or PART.P_BRAND = 'Brand#51' and PART.P_CONTAINER in ('LG CASE','LG BOX','LG PACK','LG PKG') and PART.P_SIZE between 1 and 15",\n      "attached_condition": "PART.P_BRAND = 'Brand#52' and PART.P_CONTAINER in ('SM CASE','SM BOX','SM PACK','SM PKG') and LINEITEM.L_QUANTITY >= 4 and LINEITEM.L_QUANTITY <= <cache>(4 + 10) and PART.P_SIZE between 1 and 5 and LINEITEM.L_SHIPMODE in ('AIR','AIR REG') and LINEITEM.L_SHIPINSTRUCT = 'DELIVER IN PERSON' or PART.P_BRAND = 'Brand#11' and PART.P_CONTAINER in ('MED BAG','MED BOX','MED PKG','MED PACK') and LINEITEM.L_QUANTITY >= 18 and LINEITEM.L_QUANTITY <= <cache>(18 + 10) and PART.P_SIZE between 1 and 10 and LINEITEM.L_SHIPMODE in ('AIR','AIR REG') and LINEITEM.L_SHIPINSTRUCT = 'DELIVER IN PERSON' or PART.P_BRAND = 'Brand#51' and PART.P_CONTAINER in ('LG CASE','LG BOX','LG PACK','LG PKG') and LINEITEM.L_QUANTITY >= 29 and LINEITEM.L_QUANTITY <= <cache>(29 + 10) and PART.P_SIZE between 1 and 15 and LINEITEM.L_SHIPMODE in ('AIR','AIR REG') and LINEITEM.L_SHIPINSTRUCT = 'DELIVER IN PERSON'"\n    }\n  }\n}
Query_ID	Duration	Query
1	0.01885814	analyze format=json select sum(l_extendedprice* (1 - l_discount)) as revenue from LINEITEM, PART where (p_partkey = l_partkey and p_brand = 'Brand#52' and p_container in ('SM CASE', 'SM BOX', 'SM PACK', 'SM PKG') and l_quantity >= 4 and l_quantity <= 4 + 10 and p_size between 1 and 5 and l_shipmode 

ANALYZE
{\n  "query_block": {\n    "select_id": 1,\n    "r_loops": 1,\n    "r_total_time_ms": 53.827,\n    "filesort": {\n      "sort_key": "SUPPLIER.S_NAME",\n      "r_loops": 1,\n      "r_total_time_ms": 0.0062,\n      "r_used_priority_queue": false,\n      "r_output_rows": 17,\n      "r_buffer_size": "1Kb",\n      "temporary_table": {\n        "table": {\n          "table_name": "NATION",\n          "access_type": "ALL",\n          "possible_keys": ["PRIMARY"],\n          "r_loops": 1,\n          "rows": 25,\n          "r_rows": 25,\n          "r_total_time_ms": 0.2376,\n          "filtered": 100,\n          "r_filtered": 4,\n          "attached_condition": "NATION.N_NAME = 'ALGERIA'"\n        },\n        "table": {\n          "table_name": "SUPPLIER",\n          "access_type": "ref",\n          "possible_keys": ["PRIMARY", "SUPPLIER_FK1"],\n          "key": "SUPPLIER_FK1",\n          "key_length": "4",\n          "used_key_parts": ["S_NATIONKEY"],\n          "ref": ["tpch.NATION.N_NATIONKEY"],\n          "r_loops": 1,\n          "rows": 20,\n          "r_rows": 36,\n          "r_total_time_ms": 0.9478,\n          "filtered": 100,\n          "r_filtered": 100\n        },\n        "table": {\n          "table_name": "<subquery2>",\n          "access_type": "eq_ref",\n          "possible_keys": ["distinct_key"],\n          "key": "distinct_key",\n          "key_length": "4",\n          "used_key_parts": ["ps_suppkey"],\n          "ref": ["func"],\n          "r_loops": 36,\n          "rows": 1,\n          "r_rows": 0.4722,\n          "r_total_time_ms": 0.1233,\n          "filtered": 100,\n          "r_filtered": 100,\n          "materialized": {\n            "unique": 1,\n            "query_block": {\n              "select_id": 2,\n              "table": {\n                "table_name": "PART",\n                "access_type": "ALL",\n                "possible_keys": ["PRIMARY"],\n                "r_loops": 1,\n                "rows": 19850,\n                "r_rows": 20000,\n                "r_total_time_ms": 2.8371,\n                "filtered": 100,\n                "r_filtered": 1.06,\n                "attached_condition": "PART.P_NAME like 'green%'"\n              },\n              "table": {\n                "table_name": "PARTSUPP",\n                "access_type": "ref",\n                "possible_keys": ["PRIMARY", "PARTSUPP_FK1"],\n                "key": "PRIMARY",\n                "key_length": "4",\n                "used_key_parts": ["PS_PARTKEY"],\n                "ref": ["tpch.PART.P_PARTKEY"],\n                "r_loops": 212,\n                "rows": 1,\n                "r_rows": 4,\n                "r_total_time_ms": 3.417,\n                "filtered": 100,\n                "r_filtered": 66.627,\n                "attached_condition": "PARTSUPP.PS_AVAILQTY > (subquery#4)"\n              }\n            }\n          }\n        },\n        "subqueries": [\n          {\n            "expression_cache": {\n              "state": "disabled",\n              "r_loops": 200,\n              "r_hit_ratio": 0,\n              "query_block": {\n                "select_id": 4,\n                "r_loops": 848,\n                "r_total_time_ms": 44.739,\n                "table": {\n                  "table_name": "LINEITEM",\n                  "access_type": "ref",\n                  "possible_keys": ["LINEITEM_FK2"],\n                  "key": "LINEITEM_FK2",\n                  "key_length": "8",\n                  "used_key_parts": ["L_PARTKEY", "L_SUPPKEY"],\n                  "ref": ["tpch.PARTSUPP.PS_PARTKEY", "tpch.PARTSUPP.PS_SUPPKEY"],\n                  "r_loops": 848,\n                  "rows": 3,\n                  "r_rows": 7.5295,\n                  "r_total_time_ms": 40.464,\n                  "filtered": 100,\n                  "r_filtered": 14.283,\n                  "attached_condition": "LINEITEM.L_SHIPDATE >= DATE'1993-01-01' and LINEITEM.L_SHIPDATE < '1994-01-01'"\n                }\n              }\n            }\n          }\n        ]\n      }\n    }\n  }\n}
Query_ID	Duration	Query
1	0.05411535	analyze format=json select s_name, s_address from SUPPLIER, NATION where s_suppkey in ( select ps_suppkey from PARTSUPP where ps_partkey in (select p_partkey from PART where p_name like 'green%') and ps_availqty > (select 0.5 * sum(l_quantity) from LINEITEM where l_partkey = ps_partkey and l_suppkey

ANALYZE
{\n  "query_block": {\n    "select_id": 1,\n    "r_loops": 1,\n    "r_total_time_ms": 1339.7,\n    "filesort": {\n      "sort_key": "count(0) desc, SUPPLIER.S_NAME",\n      "r_loops": 1,\n      "r_total_time_ms": 0.0131,\n      "r_limit": 100,\n      "r_used_priority_queue": false,\n      "r_output_rows": 40,\n      "r_buffer_size": "3Kb",\n      "temporary_table": {\n        "table": {\n          "table_name": "ORDERS",\n          "access_type": "ALL",\n          "r_loops": 1,\n          "rows": 148712,\n          "r_rows": 150000,\n          "r_total_time_ms": 44.495,\n          "filtered": 100,\n          "r_filtered": 48.589,\n          "attached_condition": "ORDERS.O_ORDERSTATUS = 'F'"\n        },\n        "table": {\n          "table_name": "l1",\n          "access_type": "ref",\n          "possible_keys": ["PRIMARY"],\n          "key": "PRIMARY",\n          "key_length": "4",\n          "used_key_parts": ["L_ORDERKEY"],\n          "ref": ["tpch.ORDERS.O_ORDERKEY"],\n          "r_loops": 72884,\n          "rows": 2,\n          "r_rows": 3.9852,\n          "r_total_time_ms": 214.3,\n          "filtered": 100,\n          "r_filtered": 5.6917,\n          "attached_condition": "l1.L_RECEIPTDATE > l1.L_COMMITDATE and !<in_optimizer>(1,exists(subquery#3))"\n        },\n        "table": {\n          "table_name": "SUPPLIER",\n          "access_type": "eq_ref",\n          "possible_keys": ["PRIMARY", "SUPPLIER_FK1"],\n          "key": "PRIMARY",\n          "key_length": "4",\n          "used_key_parts": ["S_SUPPKEY"],\n          "ref": ["tpch.l1.L_SUPPKEY"],\n          "r_loops": 16532,\n          "rows": 1,\n          "r_rows": 1,\n          "r_total_time_ms": 11.23,\n          "filtered": 100,\n          "r_filtered": 100\n        },\n        "table": {\n          "table_name": "NATION",\n          "access_type": "eq_ref",\n          "possible_keys": ["PRIMARY"],\n          "key": "PRIMARY",\n          "key_length": "4",\n          "used_key_parts": ["N_NATIONKEY"],\n          "ref": ["tpch.SUPPLIER.S_NATIONKEY"],\n          "r_loops": 16532,\n          "rows": 1,\n          "r_rows": 1,\n          "r_total_time_ms": 7.0944,\n          "filtered": 100,\n          "r_filtered": 3.8531,\n          "attached_condition": "NATION.N_NAME = 'EGYPT'"\n        },\n        "table": {\n          "table_name": "l2",\n          "access_type": "ref",\n          "possible_keys": ["PRIMARY"],\n          "key": "PRIMARY",\n          "key_length": "4",\n          "used_key_parts": ["L_ORDERKEY"],\n          "ref": ["tpch.ORDERS.O_ORDERKEY"],\n          "r_loops": 637,\n          "rows": 2,\n          "r_rows": 1.2072,\n          "r_total_time_ms": 1.1564,\n          "filtered": 100,\n          "r_filtered": 48.244,\n          "attached_condition": "l2.L_SUPPKEY <> l1.L_SUPPKEY",\n          "first_match": "NATION"\n        },\n        "subqueries": [\n          {\n            "expression_cache": {\n              "state": "disabled",\n              "r_loops": 202,\n              "r_hit_ratio": 0.9901,\n              "query_block": {\n                "select_id": 3,\n                "r_loops": 182900,\n                "r_total_time_ms": 972.1,\n                "table": {\n                  "table_name": "l3",\n                  "access_type": "ref",\n                  "possible_keys": ["PRIMARY"],\n                  "key": "PRIMARY",\n                  "key_length": "4",\n                  "used_key_parts": ["L_ORDERKEY"],\n                  "ref": ["tpch.l1.L_ORDERKEY"],\n                  "r_loops": 182900,\n                  "rows": 2,\n                  "r_rows": 1.8104,\n                  "r_total_time_ms": 417.04,\n                  "filtered": 100,\n                  "r_filtered": 50.243,\n                  "attached_condition": "l3.L_SUPPKEY <> l1.L_SUPPKEY and l3.L_RECEIPTDATE > l3.L_COMMITDATE"\n                }\n              }\n            }\n          }\n        ]\n      }\n    }\n  }\n}
Query_ID	Duration	Query
1	1.33598296	analyze format=json select s_name, count(*) as numwait from SUPPLIER, LINEITEM l1, ORDERS, NATION where s_suppkey = l1.l_suppkey and o_orderkey = l1.l_orderkey and o_orderstatus = 'F' and l1.l_receiptdate > l1.l_commitdate and exists ( select * from LINEITEM l2 where l2.l_orderkey = l1.l_orderkey an

ANALYZE
{\n  "query_block": {\n    "select_id": 1,\n    "r_loops": 1,\n    "r_total_time_ms": 13.148,\n    "filesort": {\n      "sort_key": "substr(CUSTOMER.C_PHONE,1,2)",\n      "r_loops": 1,\n      "r_total_time_ms": 0.0038,\n      "r_used_priority_queue": false,\n      "r_output_rows": 4,\n      "r_buffer_size": "315",\n      "temporary_table": {\n        "table": {\n          "table_name": "CUSTOMER",\n          "access_type": "ALL",\n          "r_loops": 1,\n          "rows": 14919,\n          "r_rows": 15000,\n          "r_total_time_ms": 2.3214,\n          "filtered": 100,\n          "r_filtered": 2.5667,\n          "attached_condition": "substr(CUSTOMER.C_PHONE,1,2) in ('20','40','22','30','39','42','21') and CUSTOMER.C_ACCTBAL > (subquery#3) and !<in_optimizer>(1,exists(subquery#4))"\n        },\n        "subqueries": [\n          {\n            "expression_cache": {\n              "state": "disabled",\n              "r_loops": 200,\n              "r_hit_ratio": 0,\n              "query_block": {\n                "select_id": 4,\n                "r_loops": 1099,\n                "r_total_time_ms": 4.7582,\n                "table": {\n                  "table_name": "ORDERS",\n                  "access_type": "ref",\n                  "possible_keys": ["ORDERS_FK1"],\n                  "key": "ORDERS_FK1",\n                  "key_length": "4",\n                  "used_key_parts": ["O_CUSTKEY"],\n                  "ref": ["tpch.CUSTOMER.C_CUSTKEY"],\n                  "r_loops": 1099,\n                  "rows": 7,\n                  "r_rows": 0.6497,\n                  "r_total_time_ms": 1.6486,\n                  "filtered": 100,\n                  "r_filtered": 100,\n                  "using_index": true\n                }\n              }\n            }\n          },\n          {\n            "query_block": {\n              "select_id": 3,\n              "r_loops": 1,\n              "r_total_time_ms": 3.9259,\n              "table": {\n                "table_name": "CUSTOMER",\n                "access_type": "ALL",\n                "r_loops": 1,\n                "rows": 14919,\n                "r_rows": 15000,\n                "r_total_time_ms": 2.0337,\n                "filtered": 100,\n                "r_filtered": 14.6,\n                "attached_condition": "CUSTOMER.C_ACCTBAL > 0.00 and substr(CUSTOMER.C_PHONE,1,2) in ('20','40','22','30','39','42','21')"\n              }\n            }\n          }\n        ]\n      }\n    }\n  }\n}
Query_ID	Duration	Query
1	0.01341894	analyze format=json select cntrycode, count(*) as numcust, sum(c_acctbal) as totacctbal from (select substring(c_phone from 1 for 2) as cntrycode, c_acctbal from CUSTOMER where substring(c_phone from 1 for 2) in ('20', '40', '22', '30', '39', '42', '21') and c_acctbal > ( select avg(c_acctbal) from 
